This file contains any messages produced by compilers while
running configure, to aid debugging if configure makes a mistake.

It was created by configure, which was
generated by GNU Autoconf 2.59.  Invocation command line was

  $ ./configure --disable-shared --host= --build=

## --------- ##
## Platform. ##
## --------- ##

hostname = billabong
uname -m = i686
uname -r = 2.6.24-23-generic
uname -s = Linux
uname -v = #1 SMP Thu Nov 27 18:44:42 UTC 2008

/usr/bin/uname -p = unknown
/bin/uname -X     = unknown

/bin/arch              = unknown
/usr/bin/arch -k       = unknown
/usr/convex/getsysinfo = unknown
hostinfo               = unknown
/bin/machine           = unknown
/usr/bin/oslevel       = unknown
/bin/universe          = unknown

PATH: /usr/local/sbin
PATH: /usr/local/bin
PATH: /usr/sbin
PATH: /usr/bin
PATH: /sbin
PATH: /bin
PATH: /usr/games
PATH: /home/thomson/omnetpp-3.4b2/bin


## ----------- ##
## Core tests. ##
## ----------- ##

configure:1538: checking for a BSD-compatible install
configure:1593: result: /usr/bin/install -c
configure:1604: checking whether build environment is sane
configure:1647: result: yes
configure:1662: checking whether make sets $(MAKE)
configure:1682: result: yes
configure:1705: checking for working aclocal-1.4
configure:1716: result: missing
configure:1720: checking for working autoconf
configure:1731: result: missing
configure:1735: checking for working automake-1.4
configure:1746: result: missing
configure:1750: checking for working autoheader
configure:1761: result: missing
configure:1765: checking for working makeinfo
configure:1776: result: missing
configure:1849: checking for g++
configure:1865: found /usr/bin/g++
configure:1875: result: g++
configure:1891: checking for C++ compiler version
configure:1894: g++ --version </dev/null >&5
g++ (GCC) 4.2.4 (Ubuntu 4.2.4-1ubuntu3)
Copyright (C) 2007 Free Software Foundation, Inc.
This is free software; see the source for copying conditions.  There is NO
warranty; not even for MERCHANTABILITY or FITNESS FOR A PARTICULAR PURPOSE.

configure:1897: $? = 0
configure:1899: g++ -v </dev/null >&5
Using built-in specs.
Target: i486-linux-gnu
Configured with: ../src/configure -v --enable-languages=c,c++,fortran,objc,obj-c++,treelang --prefix=/usr --enable-shared --with-system-zlib --libexecdir=/usr/lib --without-included-gettext --enable-threads=posix --enable-nls --with-gxx-include-dir=/usr/include/c++/4.2 --program-suffix=-4.2 --enable-clocale=gnu --enable-libstdcxx-debug --enable-objc-gc --enable-mpfr --enable-targets=all --enable-checking=release --build=i486-linux-gnu --host=i486-linux-gnu --target=i486-linux-gnu
Thread model: posix
gcc version 4.2.4 (Ubuntu 4.2.4-1ubuntu3)
configure:1902: $? = 0
configure:1904: g++ -V </dev/null >&5
g++: '-V' option must have argument
configure:1907: $? = 1
configure:1930: checking for C++ compiler default output file name
configure:1933: g++    conftest.cc  >&5
configure:1936: $? = 0
configure:1982: result: a.out
configure:1987: checking whether the C++ compiler works
configure:1993: ./a.out
configure:1996: $? = 0
configure:2013: result: yes
configure:2020: checking whether we are cross compiling
configure:2022: result: no
configure:2025: checking for suffix of executables
configure:2027: g++ -o conftest    conftest.cc  >&5
configure:2030: $? = 0
configure:2055: result: 
configure:2061: checking for suffix of object files
configure:2082: g++ -c   conftest.cc >&5
configure:2085: $? = 0
configure:2107: result: o
configure:2111: checking whether we are using the GNU C++ compiler
configure:2135: g++ -c   conftest.cc >&5
configure:2141: $? = 0
configure:2144: test -z 			 || test ! -s conftest.err
configure:2147: $? = 0
configure:2150: test -s conftest.o
configure:2153: $? = 0
configure:2166: result: yes
configure:2172: checking whether g++ accepts -g
configure:2193: g++ -c -g  conftest.cc >&5
configure:2199: $? = 0
configure:2202: test -z 			 || test ! -s conftest.err
configure:2205: $? = 0
configure:2208: test -s conftest.o
configure:2211: $? = 0
configure:2222: result: yes
configure:2264: g++ -c -g -O2  conftest.cc >&5
configure:2270: $? = 0
configure:2273: test -z 			 || test ! -s conftest.err
configure:2276: $? = 0
configure:2279: test -s conftest.o
configure:2282: $? = 0
configure:2308: g++ -c -g -O2  conftest.cc >&5
conftest.cc: In function 'int main()':
conftest.cc:13: error: 'exit' was not declared in this scope
configure:2314: $? = 1
configure: failed program was:
| /* confdefs.h.  */
| 
| #define PACKAGE_NAME ""
| #define PACKAGE_TARNAME ""
| #define PACKAGE_VERSION ""
| #define PACKAGE_STRING ""
| #define PACKAGE_BUGREPORT ""
| /* end confdefs.h.  */
| 
| int
| main ()
| {
| exit (42);
|   ;
|   return 0;
| }
configure:2264: g++ -c -g -O2  conftest.cc >&5
conftest.cc:9: error: 'void std::exit(int)' should have been declared inside 'std'
configure:2270: $? = 1
configure: failed program was:
| /* confdefs.h.  */
| 
| #define PACKAGE_NAME ""
| #define PACKAGE_TARNAME ""
| #define PACKAGE_VERSION ""
| #define PACKAGE_STRING ""
| #define PACKAGE_BUGREPORT ""
| /* end confdefs.h.  */
| extern "C" void std::exit (int) throw (); using std::exit;
| #include <stdlib.h>
| int
| main ()
| {
| exit (42);
|   ;
|   return 0;
| }
configure:2264: g++ -c -g -O2  conftest.cc >&5
conftest.cc:9: error: 'void std::exit(int)' should have been declared inside 'std'
In file included from conftest.cc:10:
/usr/include/stdlib.h:531: error: declaration of 'void std::exit(int) throw ()' throws different exceptions
conftest.cc:9: error: from previous declaration 'void std::exit(int)'
configure:2270: $? = 1
configure: failed program was:
| /* confdefs.h.  */
| 
| #define PACKAGE_NAME ""
| #define PACKAGE_TARNAME ""
| #define PACKAGE_VERSION ""
| #define PACKAGE_STRING ""
| #define PACKAGE_BUGREPORT ""
| /* end confdefs.h.  */
| extern "C" void std::exit (int); using std::exit;
| #include <stdlib.h>
| int
| main ()
| {
| exit (42);
|   ;
|   return 0;
| }
configure:2264: g++ -c -g -O2  conftest.cc >&5
configure:2270: $? = 0
configure:2273: test -z 			 || test ! -s conftest.err
configure:2276: $? = 0
configure:2279: test -s conftest.o
configure:2282: $? = 0
configure:2308: g++ -c -g -O2  conftest.cc >&5
configure:2314: $? = 0
configure:2317: test -z 			 || test ! -s conftest.err
configure:2320: $? = 0
configure:2323: test -s conftest.o
configure:2326: $? = 0
configure:2390: checking for ranlib
configure:2406: found /usr/bin/ranlib
configure:2417: result: ranlib
configure:2507: checking build system type
configure:2525: result: i686-pc-linux-gnu
configure:2533: checking host system type
configure:2547: result: i686-pc-linux-gnu
configure:2601: checking for gcc
configure:2617: found /usr/bin/gcc
configure:2627: result: gcc
configure:2871: checking for C compiler version
configure:2874: gcc --version </dev/null >&5
gcc (GCC) 4.2.4 (Ubuntu 4.2.4-1ubuntu3)
Copyright (C) 2007 Free Software Foundation, Inc.
This is free software; see the source for copying conditions.  There is NO
warranty; not even for MERCHANTABILITY or FITNESS FOR A PARTICULAR PURPOSE.

configure:2877: $? = 0
configure:2879: gcc -v </dev/null >&5
Using built-in specs.
Target: i486-linux-gnu
Configured with: ../src/configure -v --enable-languages=c,c++,fortran,objc,obj-c++,treelang --prefix=/usr --enable-shared --with-system-zlib --libexecdir=/usr/lib --without-included-gettext --enable-threads=posix --enable-nls --with-gxx-include-dir=/usr/include/c++/4.2 --program-suffix=-4.2 --enable-clocale=gnu --enable-libstdcxx-debug --enable-objc-gc --enable-mpfr --enable-targets=all --enable-checking=release --build=i486-linux-gnu --host=i486-linux-gnu --target=i486-linux-gnu
Thread model: posix
gcc version 4.2.4 (Ubuntu 4.2.4-1ubuntu3)
configure:2882: $? = 0
configure:2884: gcc -V </dev/null >&5
gcc: '-V' option must have argument
configure:2887: $? = 1
configure:2890: checking whether we are using the GNU C compiler
configure:2914: gcc -c   conftest.c >&5
configure:2920: $? = 0
configure:2923: test -z 			 || test ! -s conftest.err
configure:2926: $? = 0
configure:2929: test -s conftest.o
configure:2932: $? = 0
configure:2945: result: yes
configure:2951: checking whether gcc accepts -g
configure:2972: gcc -c -g  conftest.c >&5
configure:2978: $? = 0
configure:2981: test -z 			 || test ! -s conftest.err
configure:2984: $? = 0
configure:2987: test -s conftest.o
configure:2990: $? = 0
configure:3001: result: yes
configure:3018: checking for gcc option to accept ANSI C
configure:3088: gcc  -c -g -O2  conftest.c >&5
configure:3094: $? = 0
configure:3097: test -z 			 || test ! -s conftest.err
configure:3100: $? = 0
configure:3103: test -s conftest.o
configure:3106: $? = 0
configure:3124: result: none needed
configure:3142: gcc -c -g -O2  conftest.c >&5
conftest.c:2: error: expected '=', ',', ';', 'asm' or '__attribute__' before 'me'
configure:3148: $? = 1
configure: failed program was:
| #ifndef __cplusplus
|   choke me
| #endif
configure:3278: checking for a sed that does not truncate output
configure:3332: result: /bin/sed
configure:3335: checking for egrep
configure:3345: result: grep -E
configure:3361: checking for ld used by gcc
configure:3428: result: /usr/bin/ld
configure:3437: checking if the linker (/usr/bin/ld) is GNU ld
configure:3452: result: yes
configure:3457: checking for /usr/bin/ld option to reload object files
configure:3464: result: -r
configure:3482: checking for BSD-compatible nm
configure:3531: result: /usr/bin/nm -B
configure:3535: checking whether ln -s works
configure:3539: result: yes
configure:3546: checking how to recognise dependent libraries
configure:3722: result: pass_all
configure:3957: checking how to run the C preprocessor
configure:3992: gcc -E  conftest.c
configure:3998: $? = 0
configure:4030: gcc -E  conftest.c
conftest.c:12:28: error: ac_nonexistent.h: No such file or directory
configure:4036: $? = 1
configure: failed program was:
| /* confdefs.h.  */
| 
| #define PACKAGE_NAME ""
| #define PACKAGE_TARNAME ""
| #define PACKAGE_VERSION ""
| #define PACKAGE_STRING ""
| #define PACKAGE_BUGREPORT ""
| #ifdef __cplusplus
| extern "C" void exit (int) throw ();
| #endif
| /* end confdefs.h.  */
| #include <ac_nonexistent.h>
configure:4075: result: gcc -E
configure:4099: gcc -E  conftest.c
configure:4105: $? = 0
configure:4137: gcc -E  conftest.c
conftest.c:12:28: error: ac_nonexistent.h: No such file or directory
configure:4143: $? = 1
configure: failed program was:
| /* confdefs.h.  */
| 
| #define PACKAGE_NAME ""
| #define PACKAGE_TARNAME ""
| #define PACKAGE_VERSION ""
| #define PACKAGE_STRING ""
| #define PACKAGE_BUGREPORT ""
| #ifdef __cplusplus
| extern "C" void exit (int) throw ();
| #endif
| /* end confdefs.h.  */
| #include <ac_nonexistent.h>
configure:4187: checking for ANSI C header files
configure:4212: gcc -c -g -O2  conftest.c >&5
configure:4218: $? = 0
configure:4221: test -z 			 || test ! -s conftest.err
configure:4224: $? = 0
configure:4227: test -s conftest.o
configure:4230: $? = 0
configure:4319: gcc -o conftest -g -O2   conftest.c  >&5
conftest.c: In function 'main':
conftest.c:29: warning: incompatible implicit declaration of built-in function 'exit'
configure:4322: $? = 0
configure:4324: ./conftest
configure:4327: $? = 0
configure:4342: result: yes
configure:4366: checking for sys/types.h
configure:4382: gcc -c -g -O2  conftest.c >&5
configure:4388: $? = 0
configure:4391: test -z 			 || test ! -s conftest.err
configure:4394: $? = 0
configure:4397: test -s conftest.o
configure:4400: $? = 0
configure:4411: result: yes
configure:4366: checking for sys/stat.h
configure:4382: gcc -c -g -O2  conftest.c >&5
configure:4388: $? = 0
configure:4391: test -z 			 || test ! -s conftest.err
configure:4394: $? = 0
configure:4397: test -s conftest.o
configure:4400: $? = 0
configure:4411: result: yes
configure:4366: checking for stdlib.h
configure:4382: gcc -c -g -O2  conftest.c >&5
configure:4388: $? = 0
configure:4391: test -z 			 || test ! -s conftest.err
configure:4394: $? = 0
configure:4397: test -s conftest.o
configure:4400: $? = 0
configure:4411: result: yes
configure:4366: checking for string.h
configure:4382: gcc -c -g -O2  conftest.c >&5
configure:4388: $? = 0
configure:4391: test -z 			 || test ! -s conftest.err
configure:4394: $? = 0
configure:4397: test -s conftest.o
configure:4400: $? = 0
configure:4411: result: yes
configure:4366: checking for memory.h
configure:4382: gcc -c -g -O2  conftest.c >&5
configure:4388: $? = 0
configure:4391: test -z 			 || test ! -s conftest.err
configure:4394: $? = 0
configure:4397: test -s conftest.o
configure:4400: $? = 0
configure:4411: result: yes
configure:4366: checking for strings.h
configure:4382: gcc -c -g -O2  conftest.c >&5
configure:4388: $? = 0
configure:4391: test -z 			 || test ! -s conftest.err
configure:4394: $? = 0
configure:4397: test -s conftest.o
configure:4400: $? = 0
configure:4411: result: yes
configure:4366: checking for inttypes.h
configure:4382: gcc -c -g -O2  conftest.c >&5
configure:4388: $? = 0
configure:4391: test -z 			 || test ! -s conftest.err
configure:4394: $? = 0
configure:4397: test -s conftest.o
configure:4400: $? = 0
configure:4411: result: yes
configure:4366: checking for stdint.h
configure:4382: gcc -c -g -O2  conftest.c >&5
configure:4388: $? = 0
configure:4391: test -z 			 || test ! -s conftest.err
configure:4394: $? = 0
configure:4397: test -s conftest.o
configure:4400: $? = 0
configure:4411: result: yes
configure:4366: checking for unistd.h
configure:4382: gcc -c -g -O2  conftest.c >&5
configure:4388: $? = 0
configure:4391: test -z 			 || test ! -s conftest.err
configure:4394: $? = 0
configure:4397: test -s conftest.o
configure:4400: $? = 0
configure:4411: result: yes
configure:4437: checking dlfcn.h usability
configure:4449: gcc -c -g -O2  conftest.c >&5
configure:4455: $? = 0
configure:4458: test -z 			 || test ! -s conftest.err
configure:4461: $? = 0
configure:4464: test -s conftest.o
configure:4467: $? = 0
configure:4477: result: yes
configure:4481: checking dlfcn.h presence
configure:4491: gcc -E  conftest.c
configure:4497: $? = 0
configure:4517: result: yes
configure:4552: checking for dlfcn.h
configure:4559: result: yes
configure:4582: checking how to run the C++ preprocessor
configure:4613: g++ -E  conftest.cc
configure:4619: $? = 0
configure:4651: g++ -E  conftest.cc
conftest.cc:23:28: error: ac_nonexistent.h: No such file or directory
configure:4657: $? = 1
configure: failed program was:
| /* confdefs.h.  */
| 
| #define PACKAGE_NAME ""
| #define PACKAGE_TARNAME ""
| #define PACKAGE_VERSION ""
| #define PACKAGE_STRING ""
| #define PACKAGE_BUGREPORT ""
| #ifdef __cplusplus
| extern "C" void exit (int) throw ();
| #endif
| #define STDC_HEADERS 1
| #define HAVE_SYS_TYPES_H 1
| #define HAVE_SYS_STAT_H 1
| #define HAVE_STDLIB_H 1
| #define HAVE_STRING_H 1
| #define HAVE_MEMORY_H 1
| #define HAVE_STRINGS_H 1
| #define HAVE_INTTYPES_H 1
| #define HAVE_STDINT_H 1
| #define HAVE_UNISTD_H 1
| #define HAVE_DLFCN_H 1
| /* end confdefs.h.  */
| #include <ac_nonexistent.h>
configure:4696: result: g++ -E
configure:4720: g++ -E  conftest.cc
configure:4726: $? = 0
configure:4758: g++ -E  conftest.cc
conftest.cc:23:28: error: ac_nonexistent.h: No such file or directory
configure:4764: $? = 1
configure: failed program was:
| /* confdefs.h.  */
| 
| #define PACKAGE_NAME ""
| #define PACKAGE_TARNAME ""
| #define PACKAGE_VERSION ""
| #define PACKAGE_STRING ""
| #define PACKAGE_BUGREPORT ""
| #ifdef __cplusplus
| extern "C" void exit (int) throw ();
| #endif
| #define STDC_HEADERS 1
| #define HAVE_SYS_TYPES_H 1
| #define HAVE_SYS_STAT_H 1
| #define HAVE_STDLIB_H 1
| #define HAVE_STRING_H 1
| #define HAVE_MEMORY_H 1
| #define HAVE_STRINGS_H 1
| #define HAVE_INTTYPES_H 1
| #define HAVE_STDINT_H 1
| #define HAVE_UNISTD_H 1
| #define HAVE_DLFCN_H 1
| /* end confdefs.h.  */
| #include <ac_nonexistent.h>
configure:4861: checking for g77
configure:4890: result: no
configure:4861: checking for f77
configure:4890: result: no
configure:4861: checking for xlf
configure:4890: result: no
configure:4861: checking for frt
configure:4890: result: no
configure:4861: checking for pgf77
configure:4890: result: no
configure:4861: checking for fort77
configure:4890: result: no
configure:4861: checking for fl32
configure:4890: result: no
configure:4861: checking for af77
configure:4890: result: no
configure:4861: checking for f90
configure:4890: result: no
configure:4861: checking for xlf90
configure:4890: result: no
configure:4861: checking for pgf90
configure:4890: result: no
configure:4861: checking for epcf90
configure:4890: result: no
configure:4861: checking for f95
configure:4890: result: no
configure:4861: checking for fort
configure:4890: result: no
configure:4861: checking for xlf95
configure:4890: result: no
configure:4861: checking for ifc
configure:4890: result: no
configure:4861: checking for efc
configure:4890: result: no
configure:4861: checking for pgf95
configure:4890: result: no
configure:4861: checking for lf95
configure:4890: result: no
configure:4861: checking for gfortran
configure:4890: result: no
configure:4902: checking for Fortran 77 compiler version
configure:4905:  --version </dev/null >&5
./configure: line 4906: --version: command not found
configure:4908: $? = 127
configure:4910:  -v </dev/null >&5
./configure: line 4911: -v: command not found
configure:4913: $? = 127
configure:4915:  -V </dev/null >&5
./configure: line 4916: -V: command not found
configure:4918: $? = 127
configure:4926: checking whether we are using the GNU Fortran 77 compiler
configure:4940:  -c  conftest.F >&5
./configure: line 4941: -c: command not found
configure:4946: $? = 127
configure: failed program was:
|       program main
| #ifndef __GNUC__
|        choke me
| #endif
| 
|       end
configure:4971: result: no
configure:4977: checking whether  accepts -g
configure:4989:  -c -g conftest.f >&5
./configure: line 4990: -c: command not found
configure:4995: $? = 127
configure: failed program was:
|       program main
| 
|       end
configure:5019: result: no
configure:5049: checking the maximum length of command line arguments
configure:5158: result: 32768
configure:5169: checking command to parse /usr/bin/nm -B output from gcc object
configure:5274: g++ -c -g -O2  conftest.cc >&5
configure:5277: $? = 0
configure:5281: /usr/bin/nm -B conftest.o \| sed -n -e 's/^.*[ 	]\([ABCDGIRSTW][ABCDGIRSTW]*\)[ 	][ 	]*\([_A-Za-z][_A-Za-z0-9]*\)$/\1 \2 \2/p' \> conftest.nm
configure:5284: $? = 0
configure:5336: g++ -o conftest -g -O2   conftest.cc conftstm.o >&5
configure:5339: $? = 0
configure:5377: result: ok
configure:5381: checking for objdir
configure:5396: result: .libs
configure:5486: checking for ar
configure:5502: found /usr/bin/ar
configure:5513: result: ar
configure:5566: checking for ranlib
configure:5593: result: ranlib
configure:5646: checking for strip
configure:5662: found /usr/bin/strip
configure:5673: result: strip
configure:5945: checking if gcc supports -fno-rtti -fno-exceptions
configure:5963: gcc -c -g -O2  -fno-rtti -fno-exceptions conftest.c >&5
cc1: warning: command line option "-fno-rtti" is valid for C++/ObjC++ but not for C
configure:5967: $? = 0
configure:5980: result: no
configure:5995: checking for gcc option to produce PIC
configure:6205: result: -fPIC
configure:6213: checking if gcc PIC flag -fPIC works
configure:6231: gcc -c -g -O2  -fPIC -DPIC conftest.c >&5
configure:6235: $? = 0
configure:6248: result: yes
configure:6276: checking if gcc static flag -static works
configure:6304: result: yes
configure:6314: checking if gcc supports -c -o file.o
configure:6335: gcc -c -g -O2  -o out/conftest2.o conftest.c >&5
configure:6339: $? = 0
configure:6361: result: yes
configure:6387: checking whether the gcc linker (/usr/bin/ld) supports shared libraries
configure:7353: result: yes
configure:7420: checking dynamic linker characteristics
configure:8020: result: GNU/Linux ld.so
configure:8029: checking how to hardcode library paths into programs
configure:8054: result: immediate
configure:8068: checking whether stripping libraries is possible
configure:8073: result: yes
configure:8900: checking if libtool supports shared libraries
configure:8902: result: yes
configure:8905: checking whether to build shared libraries
configure:8926: result: no
configure:8929: checking whether to build static libraries
configure:8933: result: yes
configure:9025: creating libtool
configure:9613: checking for ld used by g++
configure:9680: result: /usr/bin/ld
configure:9689: checking if the linker (/usr/bin/ld) is GNU ld
configure:9704: result: yes
configure:9755: checking whether the g++ linker (/usr/bin/ld) supports shared libraries
configure:10691: result: yes
configure:10709: g++ -c -g -O2  conftest.cpp >&5
configure:10712: $? = 0
configure:10831: checking for g++ option to produce PIC
configure:11105: result: -fPIC
configure:11113: checking if g++ PIC flag -fPIC works
configure:11131: g++ -c -g -O2  -fPIC -DPIC conftest.cpp >&5
configure:11135: $? = 0
configure:11148: result: yes
configure:11176: checking if g++ static flag -static works
configure:11204: result: yes
configure:11214: checking if g++ supports -c -o file.o
configure:11235: g++ -c -g -O2  -o out/conftest2.o conftest.cpp >&5
configure:11239: $? = 0
configure:11261: result: yes
configure:11287: checking whether the g++ linker (/usr/bin/ld) supports shared libraries
configure:11318: result: yes
configure:11385: checking dynamic linker characteristics
configure:11985: result: GNU/Linux ld.so
configure:11994: checking how to hardcode library paths into programs
configure:12019: result: immediate
configure:18250: checking for strip
configure:18276: result: strip
configure:18289: checking for ANSI C header files
configure:18444: result: yes
configure:18580: checking poll.h usability
configure:18592: g++ -c -g -O2  conftest.cc >&5
configure:18598: $? = 0
configure:18601: test -z 			 || test ! -s conftest.err
configure:18604: $? = 0
configure:18607: test -s conftest.o
configure:18610: $? = 0
configure:18620: result: yes
configure:18624: checking poll.h presence
configure:18634: g++ -E  conftest.cc
configure:18640: $? = 0
configure:18660: result: yes
configure:18695: checking for poll.h
configure:18702: result: yes
configure:18580: checking sys/poll.h usability
configure:18592: g++ -c -g -O2  conftest.cc >&5
configure:18598: $? = 0
configure:18601: test -z 			 || test ! -s conftest.err
configure:18604: $? = 0
configure:18607: test -s conftest.o
configure:18610: $? = 0
configure:18620: result: yes
configure:18624: checking sys/poll.h presence
configure:18634: g++ -E  conftest.cc
configure:18640: $? = 0
configure:18660: result: yes
configure:18695: checking for sys/poll.h
configure:18702: result: yes
configure:18571: checking for stdint.h
configure:18576: result: yes
configure:18571: checking for inttypes.h
configure:18576: result: yes
configure:18580: checking winsock2.h usability
configure:18592: g++ -c -g -O2  conftest.cc >&5
conftest.cc:62:22: error: winsock2.h: No such file or directory
configure:18598: $? = 1
configure: failed program was:
| /* confdefs.h.  */
| 
| #define PACKAGE_NAME ""
| #define PACKAGE_TARNAME ""
| #define PACKAGE_VERSION ""
| #define PACKAGE_STRING ""
| #define PACKAGE_BUGREPORT ""
| #ifdef __cplusplus
| extern "C" void exit (int) throw ();
| #endif
| #define STDC_HEADERS 1
| #define HAVE_SYS_TYPES_H 1
| #define HAVE_SYS_STAT_H 1
| #define HAVE_STDLIB_H 1
| #define HAVE_STRING_H 1
| #define HAVE_MEMORY_H 1
| #define HAVE_STRINGS_H 1
| #define HAVE_INTTYPES_H 1
| #define HAVE_STDINT_H 1
| #define HAVE_UNISTD_H 1
| #define HAVE_DLFCN_H 1
| #define STDC_HEADERS 1
| #define HAVE_POLL_H 1
| #define HAVE_SYS_POLL_H 1
| #define HAVE_STDINT_H 1
| #define HAVE_INTTYPES_H 1
| /* end confdefs.h.  */
| #include <stdio.h>
| #if HAVE_SYS_TYPES_H
| # include <sys/types.h>
| #endif
| #if HAVE_SYS_STAT_H
| # include <sys/stat.h>
| #endif
| #if STDC_HEADERS
| # include <stdlib.h>
| # include <stddef.h>
| #else
| # if HAVE_STDLIB_H
| #  include <stdlib.h>
| # endif
| #endif
| #if HAVE_STRING_H
| # if !STDC_HEADERS && HAVE_MEMORY_H
| #  include <memory.h>
| # endif
| # include <string.h>
| #endif
| #if HAVE_STRINGS_H
| # include <strings.h>
| #endif
| #if HAVE_INTTYPES_H
| # include <inttypes.h>
| #else
| # if HAVE_STDINT_H
| #  include <stdint.h>
| # endif
| #endif
| #if HAVE_UNISTD_H
| # include <unistd.h>
| #endif
| #include <winsock2.h>
configure:18620: result: no
configure:18624: checking winsock2.h presence
configure:18634: g++ -E  conftest.cc
conftest.cc:28:22: error: winsock2.h: No such file or directory
configure:18640: $? = 1
configure: failed program was:
| /* confdefs.h.  */
| 
| #define PACKAGE_NAME ""
| #define PACKAGE_TARNAME ""
| #define PACKAGE_VERSION ""
| #define PACKAGE_STRING ""
| #define PACKAGE_BUGREPORT ""
| #ifdef __cplusplus
| extern "C" void exit (int) throw ();
| #endif
| #define STDC_HEADERS 1
| #define HAVE_SYS_TYPES_H 1
| #define HAVE_SYS_STAT_H 1
| #define HAVE_STDLIB_H 1
| #define HAVE_STRING_H 1
| #define HAVE_MEMORY_H 1
| #define HAVE_STRINGS_H 1
| #define HAVE_INTTYPES_H 1
| #define HAVE_STDINT_H 1
| #define HAVE_UNISTD_H 1
| #define HAVE_DLFCN_H 1
| #define STDC_HEADERS 1
| #define HAVE_POLL_H 1
| #define HAVE_SYS_POLL_H 1
| #define HAVE_STDINT_H 1
| #define HAVE_INTTYPES_H 1
| /* end confdefs.h.  */
| #include <winsock2.h>
configure:18660: result: no
configure:18695: checking for winsock2.h
configure:18702: result: no
configure:18734: checking fcntl.h usability
configure:18746: g++ -c -g -O2  conftest.cc >&5
configure:18752: $? = 0
configure:18755: test -z 			 || test ! -s conftest.err
configure:18758: $? = 0
configure:18761: test -s conftest.o
configure:18764: $? = 0
configure:18774: result: yes
configure:18778: checking fcntl.h presence
configure:18788: g++ -E  conftest.cc
configure:18794: $? = 0
configure:18814: result: yes
configure:18849: checking for fcntl.h
configure:18856: result: yes
configure:18734: checking limits.h usability
configure:18746: g++ -c -g -O2  conftest.cc >&5
configure:18752: $? = 0
configure:18755: test -z 			 || test ! -s conftest.err
configure:18758: $? = 0
configure:18761: test -s conftest.o
configure:18764: $? = 0
configure:18774: result: yes
configure:18778: checking limits.h presence
configure:18788: g++ -E  conftest.cc
configure:18794: $? = 0
configure:18814: result: yes
configure:18849: checking for limits.h
configure:18856: result: yes
configure:18725: checking for unistd.h
configure:18730: result: yes
configure:18734: checking sys/time.h usability
configure:18746: g++ -c -g -O2  conftest.cc >&5
configure:18752: $? = 0
configure:18755: test -z 			 || test ! -s conftest.err
configure:18758: $? = 0
configure:18761: test -s conftest.o
configure:18764: $? = 0
configure:18774: result: yes
configure:18778: checking sys/time.h presence
configure:18788: g++ -E  conftest.cc
configure:18794: $? = 0
configure:18814: result: yes
configure:18849: checking for sys/time.h
configure:18856: result: yes
configure:18734: checking sys/select.h usability
configure:18746: g++ -c -g -O2  conftest.cc >&5
configure:18752: $? = 0
configure:18755: test -z 			 || test ! -s conftest.err
configure:18758: $? = 0
configure:18761: test -s conftest.o
configure:18764: $? = 0
configure:18774: result: yes
configure:18778: checking sys/select.h presence
configure:18788: g++ -E  conftest.cc
configure:18794: $? = 0
configure:18814: result: yes
configure:18849: checking for sys/select.h
configure:18856: result: yes
configure:18734: checking syslog.h usability
configure:18746: g++ -c -g -O2  conftest.cc >&5
configure:18752: $? = 0
configure:18755: test -z 			 || test ! -s conftest.err
configure:18758: $? = 0
configure:18761: test -s conftest.o
configure:18764: $? = 0
configure:18774: result: yes
configure:18778: checking syslog.h presence
configure:18788: g++ -E  conftest.cc
configure:18794: $? = 0
configure:18814: result: yes
configure:18849: checking for syslog.h
configure:18856: result: yes
configure:18884: checking slist usability
configure:18896: g++ -c -g -O2  conftest.cc >&5
conftest.cc:68:17: error: slist: No such file or directory
configure:18902: $? = 1
configure: failed program was:
| /* confdefs.h.  */
| 
| #define PACKAGE_NAME ""
| #define PACKAGE_TARNAME ""
| #define PACKAGE_VERSION ""
| #define PACKAGE_STRING ""
| #define PACKAGE_BUGREPORT ""
| #ifdef __cplusplus
| extern "C" void exit (int) throw ();
| #endif
| #define STDC_HEADERS 1
| #define HAVE_SYS_TYPES_H 1
| #define HAVE_SYS_STAT_H 1
| #define HAVE_STDLIB_H 1
| #define HAVE_STRING_H 1
| #define HAVE_MEMORY_H 1
| #define HAVE_STRINGS_H 1
| #define HAVE_INTTYPES_H 1
| #define HAVE_STDINT_H 1
| #define HAVE_UNISTD_H 1
| #define HAVE_DLFCN_H 1
| #define STDC_HEADERS 1
| #define HAVE_POLL_H 1
| #define HAVE_SYS_POLL_H 1
| #define HAVE_STDINT_H 1
| #define HAVE_INTTYPES_H 1
| #define HAVE_FCNTL_H 1
| #define HAVE_LIMITS_H 1
| #define HAVE_UNISTD_H 1
| #define HAVE_SYS_TIME_H 1
| #define HAVE_SYS_SELECT_H 1
| #define HAVE_SYSLOG_H 1
| /* end confdefs.h.  */
| #include <stdio.h>
| #if HAVE_SYS_TYPES_H
| # include <sys/types.h>
| #endif
| #if HAVE_SYS_STAT_H
| # include <sys/stat.h>
| #endif
| #if STDC_HEADERS
| # include <stdlib.h>
| # include <stddef.h>
| #else
| # if HAVE_STDLIB_H
| #  include <stdlib.h>
| # endif
| #endif
| #if HAVE_STRING_H
| # if !STDC_HEADERS && HAVE_MEMORY_H
| #  include <memory.h>
| # endif
| # include <string.h>
| #endif
| #if HAVE_STRINGS_H
| # include <strings.h>
| #endif
| #if HAVE_INTTYPES_H
| # include <inttypes.h>
| #else
| # if HAVE_STDINT_H
| #  include <stdint.h>
| # endif
| #endif
| #if HAVE_UNISTD_H
| # include <unistd.h>
| #endif
| #include <slist>
configure:18924: result: no
configure:18928: checking slist presence
configure:18938: g++ -E  conftest.cc
conftest.cc:34:17: error: slist: No such file or directory
configure:18944: $? = 1
configure: failed program was:
| /* confdefs.h.  */
| 
| #define PACKAGE_NAME ""
| #define PACKAGE_TARNAME ""
| #define PACKAGE_VERSION ""
| #define PACKAGE_STRING ""
| #define PACKAGE_BUGREPORT ""
| #ifdef __cplusplus
| extern "C" void exit (int) throw ();
| #endif
| #define STDC_HEADERS 1
| #define HAVE_SYS_TYPES_H 1
| #define HAVE_SYS_STAT_H 1
| #define HAVE_STDLIB_H 1
| #define HAVE_STRING_H 1
| #define HAVE_MEMORY_H 1
| #define HAVE_STRINGS_H 1
| #define HAVE_INTTYPES_H 1
| #define HAVE_STDINT_H 1
| #define HAVE_UNISTD_H 1
| #define HAVE_DLFCN_H 1
| #define STDC_HEADERS 1
| #define HAVE_POLL_H 1
| #define HAVE_SYS_POLL_H 1
| #define HAVE_STDINT_H 1
| #define HAVE_INTTYPES_H 1
| #define HAVE_FCNTL_H 1
| #define HAVE_LIMITS_H 1
| #define HAVE_UNISTD_H 1
| #define HAVE_SYS_TIME_H 1
| #define HAVE_SYS_SELECT_H 1
| #define HAVE_SYSLOG_H 1
| /* end confdefs.h.  */
| #include <slist>
configure:18964: result: no
configure:18999: checking for slist
configure:19006: result: no
configure:18884: checking ext/slist usability
configure:18896: g++ -c -g -O2  conftest.cc >&5
configure:18902: $? = 0
configure:18905: test -z 			 || test ! -s conftest.err
configure:18908: $? = 0
configure:18911: test -s conftest.o
configure:18914: $? = 0
configure:18924: result: yes
configure:18928: checking ext/slist presence
configure:18938: g++ -E  conftest.cc
configure:18944: $? = 0
configure:18964: result: yes
configure:18999: checking for ext/slist
configure:19006: result: yes
configure:19037: checking for select
configure:19094: g++ -o conftest -g -O2   conftest.cc  >&5
configure:19100: $? = 0
configure:19103: test -z 			 || test ! -s conftest.err
configure:19106: $? = 0
configure:19109: test -s conftest
configure:19112: $? = 0
configure:19124: result: yes
configure:19037: checking for socket
configure:19094: g++ -o conftest -g -O2   conftest.cc  >&5
configure:19100: $? = 0
configure:19103: test -z 			 || test ! -s conftest.err
configure:19106: $? = 0
configure:19109: test -s conftest
configure:19112: $? = 0
configure:19124: result: yes
configure:19037: checking for inet_aton
configure:19094: g++ -o conftest -g -O2   conftest.cc  >&5
configure:19100: $? = 0
configure:19103: test -z 			 || test ! -s conftest.err
configure:19106: $? = 0
configure:19109: test -s conftest
configure:19112: $? = 0
configure:19124: result: yes
configure:19037: checking for gethostname
configure:19094: g++ -o conftest -g -O2   conftest.cc  >&5
configure:19100: $? = 0
configure:19103: test -z 			 || test ! -s conftest.err
configure:19106: $? = 0
configure:19109: test -s conftest
configure:19112: $? = 0
configure:19124: result: yes
configure:19037: checking for gethostbyname
configure:19094: g++ -o conftest -g -O2   conftest.cc  >&5
configure:19100: $? = 0
configure:19103: test -z 			 || test ! -s conftest.err
configure:19106: $? = 0
configure:19109: test -s conftest
configure:19112: $? = 0
configure:19124: result: yes
configure:19206: checking for vsnprintf
configure:19226: g++ -c -g -O2  conftest.cc >&5
configure:19232: $? = 0
configure:19235: test -z 			 || test ! -s conftest.err
configure:19238: $? = 0
configure:19241: test -s conftest.o
configure:19244: $? = 0
configure:19246: result: yes
configure:19264: checking for gettimeofday
configure:19285: g++ -c -g -O2  conftest.cc >&5
configure:19291: $? = 0
configure:19294: test -z 			 || test ! -s conftest.err
configure:19297: $? = 0
configure:19300: test -s conftest.o
configure:19303: $? = 0
configure:19305: result: yes
configure:19583: checking for struct sockaddr_in6
configure:19604: g++ -c -g -O2  conftest.cc >&5
configure:19610: $? = 0
configure:19613: test -z 			 || test ! -s conftest.err
configure:19616: $? = 0
configure:19619: test -s conftest.o
configure:19622: $? = 0
configure:19624: result: yes
configure:19633: checking whether struct sockaddr_in6 has a sin6_len field
configure:19654: g++ -c -g -O2  conftest.cc >&5
conftest.cc: In function 'int main()':
conftest.cc:51: error: 'struct sockaddr_in6' has no member named 'sin6_len'
configure:19660: $? = 1
configure: failed program was:
| /* confdefs.h.  */
| 
| #define PACKAGE_NAME ""
| #define PACKAGE_TARNAME ""
| #define PACKAGE_VERSION ""
| #define PACKAGE_STRING ""
| #define PACKAGE_BUGREPORT ""
| #ifdef __cplusplus
| extern "C" void exit (int) throw ();
| #endif
| #define STDC_HEADERS 1
| #define HAVE_SYS_TYPES_H 1
| #define HAVE_SYS_STAT_H 1
| #define HAVE_STDLIB_H 1
| #define HAVE_STRING_H 1
| #define HAVE_MEMORY_H 1
| #define HAVE_STRINGS_H 1
| #define HAVE_INTTYPES_H 1
| #define HAVE_STDINT_H 1
| #define HAVE_UNISTD_H 1
| #define HAVE_DLFCN_H 1
| #define STDC_HEADERS 1
| #define HAVE_POLL_H 1
| #define HAVE_SYS_POLL_H 1
| #define HAVE_STDINT_H 1
| #define HAVE_INTTYPES_H 1
| #define HAVE_FCNTL_H 1
| #define HAVE_LIMITS_H 1
| #define HAVE_UNISTD_H 1
| #define HAVE_SYS_TIME_H 1
| #define HAVE_SYS_SELECT_H 1
| #define HAVE_SYSLOG_H 1
| #define HAVE_EXT_SLIST 1
| #define HAVE_POLL 1
| #define HAVE_SELECT 1
| #define HAVE_SOCKET 1
| #define HAVE_INET_ATON 1
| #define HAVE_GETHOSTNAME 1
| #define HAVE_GETHOSTBYNAME 1
| #define HAVE_VSNPRINTF 1
| #define HAVE_GETTIMEOFDAY 1
| #define HAVE_IPV6 1
| /* end confdefs.h.  */
| #include <sys/types.h>
|      #include <netinet/in.h>
|      #include <sys/socket.h>
| 
| int
| main ()
| {
| static struct sockaddr_in6 ac_i;int ac_j = sizeof(ac_i.sin6_len);
|   ;
|   return 0;
| }
configure:19685: result: no
configure:19691: checking whether struct sockaddr_storage has a __ss_family field
configure:19712: g++ -c -g -O2  conftest.cc >&5
conftest.cc: In function 'int main()':
conftest.cc:51: error: 'struct sockaddr_storage' has no member named '__ss_family'
configure:19718: $? = 1
configure: failed program was:
| /* confdefs.h.  */
| 
| #define PACKAGE_NAME ""
| #define PACKAGE_TARNAME ""
| #define PACKAGE_VERSION ""
| #define PACKAGE_STRING ""
| #define PACKAGE_BUGREPORT ""
| #ifdef __cplusplus
| extern "C" void exit (int) throw ();
| #endif
| #define STDC_HEADERS 1
| #define HAVE_SYS_TYPES_H 1
| #define HAVE_SYS_STAT_H 1
| #define HAVE_STDLIB_H 1
| #define HAVE_STRING_H 1
| #define HAVE_MEMORY_H 1
| #define HAVE_STRINGS_H 1
| #define HAVE_INTTYPES_H 1
| #define HAVE_STDINT_H 1
| #define HAVE_UNISTD_H 1
| #define HAVE_DLFCN_H 1
| #define STDC_HEADERS 1
| #define HAVE_POLL_H 1
| #define HAVE_SYS_POLL_H 1
| #define HAVE_STDINT_H 1
| #define HAVE_INTTYPES_H 1
| #define HAVE_FCNTL_H 1
| #define HAVE_LIMITS_H 1
| #define HAVE_UNISTD_H 1
| #define HAVE_SYS_TIME_H 1
| #define HAVE_SYS_SELECT_H 1
| #define HAVE_SYSLOG_H 1
| #define HAVE_EXT_SLIST 1
| #define HAVE_POLL 1
| #define HAVE_SELECT 1
| #define HAVE_SOCKET 1
| #define HAVE_INET_ATON 1
| #define HAVE_GETHOSTNAME 1
| #define HAVE_GETHOSTBYNAME 1
| #define HAVE_VSNPRINTF 1
| #define HAVE_GETTIMEOFDAY 1
| #define HAVE_IPV6 1
| /* end confdefs.h.  */
| #include <sys/types.h>
|      #include <netinet/in.h>
|      #include <sys/socket.h>
| 
| int
| main ()
| {
| static struct sockaddr_storage ac_i;int ac_j = sizeof(ac_i.__ss_family);
|   ;
|   return 0;
| }
configure:19743: result: no
configure:19757: checking for struct sockaddr_storage
configure:19783: g++ -c -g -O2  conftest.cc >&5
configure:19789: $? = 0
configure:19792: test -z 			 || test ! -s conftest.err
configure:19795: $? = 0
configure:19798: test -s conftest.o
configure:19801: $? = 0
configure:19803: result: yes
configure:19823: checking whether struct sockaddr_in has a sin_len field
configure:19843: g++ -c -g -O2  conftest.cc >&5
conftest.cc: In function 'int main()':
conftest.cc:51: error: 'struct sockaddr_in' has no member named 'sin_len'
configure:19849: $? = 1
configure: failed program was:
| /* confdefs.h.  */
| 
| #define PACKAGE_NAME ""
| #define PACKAGE_TARNAME ""
| #define PACKAGE_VERSION ""
| #define PACKAGE_STRING ""
| #define PACKAGE_BUGREPORT ""
| #ifdef __cplusplus
| extern "C" void exit (int) throw ();
| #endif
| #define STDC_HEADERS 1
| #define HAVE_SYS_TYPES_H 1
| #define HAVE_SYS_STAT_H 1
| #define HAVE_STDLIB_H 1
| #define HAVE_STRING_H 1
| #define HAVE_MEMORY_H 1
| #define HAVE_STRINGS_H 1
| #define HAVE_INTTYPES_H 1
| #define HAVE_STDINT_H 1
| #define HAVE_UNISTD_H 1
| #define HAVE_DLFCN_H 1
| #define STDC_HEADERS 1
| #define HAVE_POLL_H 1
| #define HAVE_SYS_POLL_H 1
| #define HAVE_STDINT_H 1
| #define HAVE_INTTYPES_H 1
| #define HAVE_FCNTL_H 1
| #define HAVE_LIMITS_H 1
| #define HAVE_UNISTD_H 1
| #define HAVE_SYS_TIME_H 1
| #define HAVE_SYS_SELECT_H 1
| #define HAVE_SYSLOG_H 1
| #define HAVE_EXT_SLIST 1
| #define HAVE_POLL 1
| #define HAVE_SELECT 1
| #define HAVE_SOCKET 1
| #define HAVE_INET_ATON 1
| #define HAVE_GETHOSTNAME 1
| #define HAVE_GETHOSTBYNAME 1
| #define HAVE_VSNPRINTF 1
| #define HAVE_GETTIMEOFDAY 1
| #define HAVE_IPV6 1
| #define HAVE_SOCKADDR_STORAGE 1
| /* end confdefs.h.  */
| #include <sys/types.h>
|   #include <netinet/in.h>
| 
| int
| main ()
| {
| static struct sockaddr_in ac_i;int ac_j = sizeof(ac_i.sin_len);
|   ;
|   return 0;
| }
configure:19874: result: no
configure:19880: checking for socklen_t
configure:19893: result: yes
configure:19911: checking for -lstdc++
configure:19929: g++ -o conftest -g -O2    -lstdc++ conftest.cc  >&5
configure:19935: $? = 0
configure:19938: test -z 			 || test ! -s conftest.err
configure:19941: $? = 0
configure:19944: test -s conftest
configure:19947: $? = 0
configure:19949: result: yes
configure:20035: checking for pthread_create in -lpthread
configure:20065: g++ -o conftest -g -O2   conftest.cc -lpthread   >&5
configure:20071: $? = 0
configure:20074: test -z 			 || test ! -s conftest.err
configure:20077: $? = 0
configure:20080: test -s conftest
configure:20083: $? = 0
configure:20096: result: yes
configure:20422: creating ./config.status

## ---------------------- ##
## Running config.status. ##
## ---------------------- ##

This file was extended by config.status, which was
generated by GNU Autoconf 2.59.  Invocation command line was

  CONFIG_FILES    = 
  CONFIG_HEADERS  = 
  CONFIG_LINKS    = 
  CONFIG_COMMANDS = 
  $ ./config.status 

on billabong

config.status:746: creating Makefile
config.status:746: creating poslib/Makefile
config.status:746: creating poslib.pc
config.status:812: creating config.h
config.status:1138: executing default-1 commands

## ---------------- ##
## Cache variables. ##
## ---------------- ##

ac_cv_build=i686-pc-linux-gnu
ac_cv_build_alias=i686-pc-linux-gnu
ac_cv_c_compiler_gnu=yes
ac_cv_cxx_compiler_gnu=yes
ac_cv_env_CC_set=
ac_cv_env_CC_value=
ac_cv_env_CFLAGS_set=
ac_cv_env_CFLAGS_value=
ac_cv_env_CPPFLAGS_set=
ac_cv_env_CPPFLAGS_value=
ac_cv_env_CPP_set=
ac_cv_env_CPP_value=
ac_cv_env_CXXCPP_set=
ac_cv_env_CXXCPP_value=
ac_cv_env_CXXFLAGS_set=
ac_cv_env_CXXFLAGS_value=
ac_cv_env_CXX_set=
ac_cv_env_CXX_value=
ac_cv_env_F77_set=
ac_cv_env_F77_value=
ac_cv_env_FFLAGS_set=
ac_cv_env_FFLAGS_value=
ac_cv_env_LDFLAGS_set=
ac_cv_env_LDFLAGS_value=
ac_cv_env_build_alias_set=set
ac_cv_env_build_alias_value=
ac_cv_env_host_alias_set=set
ac_cv_env_host_alias_value=
ac_cv_env_target_alias_set=
ac_cv_env_target_alias_value=
ac_cv_exeext=
ac_cv_f77_compiler_gnu=no
ac_cv_func_gethostbyname=yes
ac_cv_func_gethostname=yes
ac_cv_func_inet_aton=yes
ac_cv_func_select=yes
ac_cv_func_socket=yes
ac_cv_header_dlfcn_h=yes
ac_cv_header_ext_slist=yes
ac_cv_header_fcntl_h=yes
ac_cv_header_inttypes_h=yes
ac_cv_header_limits_h=yes
ac_cv_header_memory_h=yes
ac_cv_header_poll_h=yes
ac_cv_header_slist=no
ac_cv_header_stdc=yes
ac_cv_header_stdint_h=yes
ac_cv_header_stdlib_h=yes
ac_cv_header_string_h=yes
ac_cv_header_strings_h=yes
ac_cv_header_sys_poll_h=yes
ac_cv_header_sys_select_h=yes
ac_cv_header_sys_stat_h=yes
ac_cv_header_sys_time_h=yes
ac_cv_header_sys_types_h=yes
ac_cv_header_syslog_h=yes
ac_cv_header_unistd_h=yes
ac_cv_header_winsock2_h=no
ac_cv_host=i686-pc-linux-gnu
ac_cv_host_alias=i686-pc-linux-gnu
ac_cv_lib_pthread_pthread_create=yes
ac_cv_objext=o
ac_cv_path_install='/usr/bin/install -c'
ac_cv_prog_CPP='gcc -E'
ac_cv_prog_CXXCPP='g++ -E'
ac_cv_prog_ac_ct_AR=ar
ac_cv_prog_ac_ct_CC=gcc
ac_cv_prog_ac_ct_CXX=g++
ac_cv_prog_ac_ct_RANLIB=ranlib
ac_cv_prog_ac_ct_STRIP=strip
ac_cv_prog_cc_g=yes
ac_cv_prog_cc_stdc=
ac_cv_prog_cxx_g=yes
ac_cv_prog_egrep='grep -E'
ac_cv_prog_f77_g=no
ac_cv_prog_make_make_set=yes
lt_cv_deplibs_check_method=pass_all
lt_cv_file_magic_cmd='$MAGIC_CMD'
lt_cv_file_magic_test_file=
lt_cv_ld_reload_flag=-r
lt_cv_objdir=.libs
lt_cv_path_LD=/usr/bin/ld
lt_cv_path_LDCXX=/usr/bin/ld
lt_cv_path_NM='/usr/bin/nm -B'
lt_cv_path_SED=/bin/sed
lt_cv_prog_compiler_c_o=yes
lt_cv_prog_compiler_c_o_CXX=yes
lt_cv_prog_compiler_rtti_exceptions=no
lt_cv_prog_gnu_ld=yes
lt_cv_prog_gnu_ldcxx=yes
lt_cv_sys_global_symbol_pipe='sed -n -e '\''s/^.*[ 	]\([ABCDGIRSTW][ABCDGIRSTW]*\)[ 	][ 	]*\([_A-Za-z][_A-Za-z0-9]*\)$/\1 \2 \2/p'\'''
lt_cv_sys_global_symbol_to_c_name_address='sed -n -e '\''s/^: \([^ ]*\) $/  {\"\1\", (lt_ptr) 0},/p'\'' -e '\''s/^[BCDEGRST] \([^ ]*\) \([^ ]*\)$/  {"\2", (lt_ptr) \&\2},/p'\'''
lt_cv_sys_global_symbol_to_cdecl='sed -n -e '\''s/^. .* \(.*\)$/extern int \1;/p'\'''
lt_cv_sys_max_cmd_len=32768
lt_lt_cv_prog_compiler_c_o='"yes"'
lt_lt_cv_prog_compiler_c_o_CXX='"yes"'
lt_lt_cv_sys_global_symbol_pipe='"sed -n -e '\''s/^.*[ 	]\\([ABCDGIRSTW][ABCDGIRSTW]*\\)[ 	][ 	]*\\([_A-Za-z][_A-Za-z0-9]*\\)\$/\\1 \\2 \\2/p'\''"'
lt_lt_cv_sys_global_symbol_to_c_name_address='"sed -n -e '\''s/^: \\([^ ]*\\) \$/  {\\\"\\1\\\", (lt_ptr) 0},/p'\'' -e '\''s/^[BCDEGRST] \\([^ ]*\\) \\([^ ]*\\)\$/  {\"\\2\", (lt_ptr) \\&\\2},/p'\''"'
lt_lt_cv_sys_global_symbol_to_cdecl='"sed -n -e '\''s/^. .* \\(.*\\)\$/extern int \\1;/p'\''"'

## ----------------- ##
## Output variables. ##
## ----------------- ##

ACLOCAL='/home/thomson/devel/dibbler/poslib/missing aclocal-1.4'
AR='ar'
AUTOCONF='/home/thomson/devel/dibbler/poslib/missing autoconf'
AUTOHEADER='/home/thomson/devel/dibbler/poslib/missing autoheader'
AUTOMAKE='/home/thomson/devel/dibbler/poslib/missing automake-1.4'
CC='gcc'
CFLAGS='-g -O2'
CPP='gcc -E'
CPPFLAGS=''
CURDIR='/home/thomson/devel/dibbler/poslib'
CXX='g++'
CXXCPP='g++ -E'
CXXFLAGS='-g -O2 -D_REENTRANT'
DEBUG_FALSE=''
DEBUG_TRUE='#'
DEFS='-DHAVE_CONFIG_H'
ECHO='echo'
ECHO_C=''
ECHO_N='-n'
ECHO_T=''
EGREP='grep -E'
EXEEXT=''
F77=''
FFLAGS=''
GENVERSION='1.1'
INSTALL_DATA='${INSTALL} -m 644'
INSTALL_PROGRAM='${INSTALL}'
INSTALL_SCRIPT='${INSTALL}'
LDFLAGS='  -lstdc++ -lpthread'
LIBOBJS=''
LIBS=' '
LIBTOOL='$(SHELL) $(top_builddir)/libtool'
LIB_CXXFLAGS='-D_REENTRANT'
LIB_LDFLAGS=' -lstdc++ -lpthread'
LIB_LIBS=''
LN_S='ln -s'
LTLIBOBJS=''
MAKEINFO='/home/thomson/devel/dibbler/poslib/missing makeinfo'
OBJEXT='o'
PACKAGE='poslib'
PACKAGE_BUGREPORT=''
PACKAGE_NAME=''
PACKAGE_STRING=''
PACKAGE_TARNAME=''
PACKAGE_VERSION=''
PATH_SEPARATOR=':'
RANLIB='ranlib'
SET_MAKE=''
SHELL='/bin/bash'
STRIP='strip'
VERINFO='1:0:0'
VERSION='1.1.0pre-090118'
WITH_CCMALLOC_FALSE=''
WITH_CCMALLOC_TRUE='#'
WITH_SQLDNS_FALSE=''
WITH_SQLDNS_TRUE='#'
ac_ct_AR='ar'
ac_ct_CC='gcc'
ac_ct_CXX='g++'
ac_ct_F77=''
ac_ct_RANLIB='ranlib'
ac_ct_STRIP='strip'
bindir='${exec_prefix}/bin'
build='i686-pc-linux-gnu'
build_alias=''
build_cpu='i686'
build_os='linux-gnu'
build_vendor='pc'
datadir='${prefix}/share'
exec_prefix='${prefix}'
host='i686-pc-linux-gnu'
host_alias=''
host_cpu='i686'
host_os='linux-gnu'
host_vendor='pc'
includedir='${prefix}/include'
infodir='${prefix}/info'
libdir='${exec_prefix}/lib'
libexecdir='${exec_prefix}/libexec'
localstatedir='${prefix}/var'
mandir='${prefix}/man'
oldincludedir='/usr/include'
prefix='/usr/local'
program_transform_name='s,x,x,'
sbindir='${exec_prefix}/sbin'
sharedstatedir='${prefix}/com'
sysconfdir='${prefix}/etc'
target_alias=''

## ----------- ##
## confdefs.h. ##
## ----------- ##

#define HAVE_DLFCN_H 1
#define HAVE_EXT_SLIST 1
#define HAVE_FCNTL_H 1
#define HAVE_GETHOSTBYNAME 1
#define HAVE_GETHOSTNAME 1
#define HAVE_GETTIMEOFDAY 1
#define HAVE_INET_ATON 1
#define HAVE_INTTYPES_H 1
#define HAVE_INTTYPES_H 1
#define HAVE_IPV6 1
#define HAVE_LIMITS_H 1
#define HAVE_MEMORY_H 1
#define HAVE_POLL 1
#define HAVE_POLL_H 1
#define HAVE_SELECT 1
#define HAVE_SOCKADDR_STORAGE 1
#define HAVE_SOCKET 1
#define HAVE_SOCKLEN_T 1
#define HAVE_STDINT_H 1
#define HAVE_STDINT_H 1
#define HAVE_STDLIB_H 1
#define HAVE_STRINGS_H 1
#define HAVE_STRING_H 1
#define HAVE_SYSLOG_H 1
#define HAVE_SYS_POLL_H 1
#define HAVE_SYS_SELECT_H 1
#define HAVE_SYS_STAT_H 1
#define HAVE_SYS_TIME_H 1
#define HAVE_SYS_TYPES_H 1
#define HAVE_UNISTD_H 1
#define HAVE_UNISTD_H 1
#define HAVE_VSNPRINTF 1
#define PACKAGE_BUGREPORT ""
#define PACKAGE_NAME ""
#define PACKAGE_STRING ""
#define PACKAGE_TARNAME ""
#define PACKAGE_VERSION ""
#define STDC_HEADERS 1
#define STDC_HEADERS 1
#endif
#ifdef __cplusplus
extern "C" void exit (int) throw ();

configure: exit 0
